[INFO] Disabling enhanced local repository: using legacy is strongly discouraged to ensure build reproducibility.
[INFO] Scanning for projects...
[INFO] 
[INFO] -----------------< org.example.bucheon.job:Emergency >------------------
[INFO] Building BUCHEON Emergency-0.8.0 (0.8,Job Designs) 0.8.0
[INFO] --------------------------------[ jar ]---------------------------------
[WARNING] The POM for org.dom4j:dom4j:jar:2.1.1 is missing, no dependency information available
[WARNING] The POM for org.apache.logging.log4j:log4j-api:jar:2.12.1 is missing, no dependency information available
[WARNING] The POM for org.apache.logging.log4j:log4j-core:jar:2.12.1 is missing, no dependency information available
[WARNING] The POM for org.apache.logging.log4j:log4j-slf4j-impl:jar:2.12.1 is missing, no dependency information available
[INFO] 
[INFO] --- maven-resources-plugin:3.0.2:resources (default-resources) @ Emergency ---
[WARNING] Using platform encoding (UTF-8 actually) to copy filtered resources, i.e. build is platform dependent!
[INFO] Copying 1 resource
[INFO] 
[INFO] --- maven-compiler-plugin:3.6.1:compile (default-compile) @ Emergency ---
[WARNING] The POM for org.eclipse.platform:org.eclipse.osgi:jar:3.13.300 is missing, no dependency information available
[WARNING] The POM for org.apache.commons:commons-exec:jar:1.2 is missing, no dependency information available
[INFO] Not compiling main sources
[INFO] 
[INFO] --- maven-resources-plugin:3.0.2:testResources (default-testResources) @ Emergency ---
[INFO] Not copying test resources
[INFO] 
[INFO] --- maven-compiler-plugin:3.6.1:testCompile (default-testCompile) @ Emergency ---
[INFO] Not compiling test sources
[INFO] 
[INFO] --- maven-surefire-plugin:2.20:test (default-test) @ Emergency ---
[INFO] Tests are skipped.
[INFO] 
[INFO] --- maven-jar-plugin:3.0.2:jar (default-jar) @ Emergency ---
[INFO] Building jar: D:\Programs\TOS_DI-Win32-20200219_1130-V7.3.1\workspace\BUCHEON\poms\jobs\process\emergency_0.8\target\emergency_0_8.jar
[INFO] 
[INFO] --- maven-assembly-plugin:3.0.0:single (default) @ Emergency ---
[INFO] Reading assembly descriptor: D:\Programs\TOS_DI-Win32-20200219_1130-V7.3.1\workspace\BUCHEON\poms\jobs\process\emergency_0.8/src/main/assemblies/assembly.xml
[WARNING] Missing POM for org.dom4j:dom4j:jar:2.1.1
[WARNING] Missing POM for org.apache.logging.log4j:log4j-api:jar:2.12.1
[WARNING] Missing POM for org.apache.logging.log4j:log4j-core:jar:2.12.1
[WARNING] Missing POM for org.apache.logging.log4j:log4j-slf4j-impl:jar:2.12.1
[INFO] Building zip: D:\Programs\TOS_DI-Win32-20200219_1130-V7.3.1\workspace\BUCHEON\poms\jobs\process\emergency_0.8\target\emergency_0_8.zip
[INFO] ------------------------------------------------------------------------
[INFO] BUILD SUCCESS
[INFO] ------------------------------------------------------------------------
[INFO] Total time: 1.672 s
[INFO] Finished at: 2022-04-28T10:57:13+09:00
[INFO] ------------------------------------------------------------------------
